{"/home/yangmingkun/Projects/calculationTaxes/src/cart.js":{"path":"/home/yangmingkun/Projects/calculationTaxes/src/cart.js","s":{"1":1,"2":1,"3":1,"4":1,"5":1,"6":1,"7":1,"8":1,"9":1,"10":1,"11":1,"12":1,"13":3,"14":1,"15":1,"16":1,"17":1,"18":1,"19":1,"20":1,"21":0,"22":1,"23":1,"24":2,"25":2,"26":2,"27":2,"28":2,"29":2,"30":1,"31":1,"32":2,"33":1,"34":2,"35":2,"36":2,"37":2,"38":2,"39":1,"40":1,"41":1,"42":1,"43":1,"44":1,"45":1,"46":1,"47":1,"48":1,"49":1,"50":1},"b":{"1":[1,0],"2":[1,1]},"f":{"1":1,"2":3,"3":1,"4":2,"5":2,"6":1,"7":1},"fnMap":{"1":{"name":"Cart","line":6,"loc":{"start":{"line":6,"column":0},"end":{"line":6,"column":52}}},"2":{"name":"(anonymous_2)","line":26,"loc":{"start":{"line":26,"column":16},"end":{"line":26,"column":28}}},"3":{"name":"(anonymous_3)","line":30,"loc":{"start":{"line":30,"column":26},"end":{"line":30,"column":107}}},"4":{"name":"(anonymous_4)","line":44,"loc":{"start":{"line":44,"column":25},"end":{"line":44,"column":42}}},"5":{"name":"(anonymous_5)","line":63,"loc":{"start":{"line":63,"column":29},"end":{"line":63,"column":50}}},"6":{"name":"(anonymous_6)","line":77,"loc":{"start":{"line":77,"column":30},"end":{"line":77,"column":42}}},"7":{"name":"(anonymous_7)","line":86,"loc":{"start":{"line":86,"column":26},"end":{"line":86,"column":38}}}},"statementMap":{"1":{"start":{"line":1,"column":0},"end":{"line":1,"column":31}},"2":{"start":{"line":2,"column":0},"end":{"line":2,"column":40}},"3":{"start":{"line":3,"column":0},"end":{"line":3,"column":41}},"4":{"start":{"line":4,"column":0},"end":{"line":4,"column":47}},"5":{"start":{"line":6,"column":0},"end":{"line":24,"column":1}},"6":{"start":{"line":8,"column":4},"end":{"line":8,"column":28}},"7":{"start":{"line":11,"column":4},"end":{"line":11,"column":24}},"8":{"start":{"line":14,"column":4},"end":{"line":14,"column":19}},"9":{"start":{"line":17,"column":4},"end":{"line":17,"column":27}},"10":{"start":{"line":20,"column":4},"end":{"line":20,"column":37}},"11":{"start":{"line":23,"column":4},"end":{"line":23,"column":43}},"12":{"start":{"line":26,"column":0},"end":{"line":28,"column":2}},"13":{"start":{"line":27,"column":4},"end":{"line":27,"column":30}},"14":{"start":{"line":30,"column":0},"end":{"line":42,"column":2}},"15":{"start":{"line":31,"column":4},"end":{"line":40,"column":5}},"16":{"start":{"line":32,"column":8},"end":{"line":39,"column":9}},"17":{"start":{"line":33,"column":12},"end":{"line":33,"column":37}},"18":{"start":{"line":34,"column":12},"end":{"line":34,"column":77}},"19":{"start":{"line":35,"column":12},"end":{"line":35,"column":95}},"20":{"start":{"line":36,"column":12},"end":{"line":36,"column":95}},"21":{"start":{"line":38,"column":12},"end":{"line":38,"column":104}},"22":{"start":{"line":41,"column":4},"end":{"line":41,"column":25}},"23":{"start":{"line":44,"column":0},"end":{"line":60,"column":2}},"24":{"start":{"line":45,"column":4},"end":{"line":45,"column":43}},"25":{"start":{"line":48,"column":4},"end":{"line":48,"column":54}},"26":{"start":{"line":50,"column":4},"end":{"line":50,"column":40}},"27":{"start":{"line":51,"column":4},"end":{"line":51,"column":66}},"28":{"start":{"line":52,"column":4},"end":{"line":52,"column":18}},"29":{"start":{"line":54,"column":4},"end":{"line":58,"column":5}},"30":{"start":{"line":55,"column":8},"end":{"line":55,"column":100}},"31":{"start":{"line":57,"column":8},"end":{"line":57,"column":116}},"32":{"start":{"line":59,"column":4},"end":{"line":59,"column":25}},"33":{"start":{"line":63,"column":0},"end":{"line":75,"column":2}},"34":{"start":{"line":65,"column":4},"end":{"line":65,"column":65}},"35":{"start":{"line":66,"column":4},"end":{"line":66,"column":60}},"36":{"start":{"line":69,"column":4},"end":{"line":69,"column":74}},"37":{"start":{"line":72,"column":4},"end":{"line":72,"column":88}},"38":{"start":{"line":74,"column":4},"end":{"line":74,"column":44}},"39":{"start":{"line":77,"column":0},"end":{"line":84,"column":2}},"40":{"start":{"line":78,"column":4},"end":{"line":78,"column":59}},"41":{"start":{"line":79,"column":4},"end":{"line":81,"column":5}},"42":{"start":{"line":80,"column":8},"end":{"line":80,"column":49}},"43":{"start":{"line":83,"column":4},"end":{"line":83,"column":33}},"44":{"start":{"line":86,"column":0},"end":{"line":94,"column":2}},"45":{"start":{"line":87,"column":4},"end":{"line":87,"column":54}},"46":{"start":{"line":88,"column":4},"end":{"line":88,"column":31}},"47":{"start":{"line":89,"column":4},"end":{"line":91,"column":5}},"48":{"start":{"line":90,"column":8},"end":{"line":90,"column":53}},"49":{"start":{"line":93,"column":4},"end":{"line":93,"column":28}},"50":{"start":{"line":96,"column":0},"end":{"line":96,"column":22}}},"branchMap":{"1":{"line":32,"type":"if","locations":[{"start":{"line":32,"column":8},"end":{"line":32,"column":8}},{"start":{"line":32,"column":8},"end":{"line":32,"column":8}}]},"2":{"line":54,"type":"if","locations":[{"start":{"line":54,"column":4},"end":{"line":54,"column":4}},{"start":{"line":54,"column":4},"end":{"line":54,"column":4}}]}}},"/home/yangmingkun/Projects/calculationTaxes/src/goods.js":{"path":"/home/yangmingkun/Projects/calculationTaxes/src/goods.js","s":{"1":1,"2":1,"3":1,"4":1,"5":1,"6":1,"7":1,"8":0,"9":1},"b":{"1":[1,0]},"f":{"1":1,"2":0},"fnMap":{"1":{"name":"Goods","line":1,"loc":{"start":{"line":1,"column":0},"end":{"line":1,"column":52}}},"2":{"name":"(anonymous_2)","line":18,"loc":{"start":{"line":18,"column":26},"end":{"line":18,"column":38}}}},"statementMap":{"1":{"start":{"line":1,"column":0},"end":{"line":16,"column":1}},"2":{"start":{"line":3,"column":2},"end":{"line":3,"column":15}},"3":{"start":{"line":6,"column":2},"end":{"line":6,"column":19}},"4":{"start":{"line":9,"column":2},"end":{"line":9,"column":31}},"5":{"start":{"line":12,"column":2},"end":{"line":12,"column":19}},"6":{"start":{"line":15,"column":2},"end":{"line":15,"column":35}},"7":{"start":{"line":18,"column":0},"end":{"line":30,"column":2}},"8":{"start":{"line":19,"column":2},"end":{"line":29,"column":4}},"9":{"start":{"line":32,"column":0},"end":{"line":32,"column":23}}},"branchMap":{"1":{"line":9,"type":"binary-expr","locations":[{"start":{"line":9,"column":15},"end":{"line":9,"column":20}},{"start":{"line":9,"column":24},"end":{"line":9,"column":30}}]}}},"/home/yangmingkun/Projects/calculationTaxes/src/cart-goods.js":{"path":"/home/yangmingkun/Projects/calculationTaxes/src/cart-goods.js","s":{"1":1,"2":1,"3":1,"4":1,"5":1,"6":1,"7":1,"8":1,"9":1},"b":{"1":[1,0],"2":[1,0],"3":[1,0],"4":[1,0]},"f":{"1":1},"fnMap":{"1":{"name":"CartGoods","line":4,"loc":{"start":{"line":4,"column":0},"end":{"line":4,"column":77}}}},"statementMap":{"1":{"start":{"line":1,"column":0},"end":{"line":1,"column":41}},"2":{"start":{"line":2,"column":0},"end":{"line":2,"column":47}},"3":{"start":{"line":4,"column":0},"end":{"line":18,"column":1}},"4":{"start":{"line":5,"column":4},"end":{"line":5,"column":23}},"5":{"start":{"line":8,"column":4},"end":{"line":8,"column":28}},"6":{"start":{"line":11,"column":4},"end":{"line":11,"column":34}},"7":{"start":{"line":14,"column":4},"end":{"line":14,"column":52}},"8":{"start":{"line":17,"column":4},"end":{"line":17,"column":52}},"9":{"start":{"line":20,"column":0},"end":{"line":20,"column":27}}},"branchMap":{"1":{"line":8,"type":"binary-expr","locations":[{"start":{"line":8,"column":17},"end":{"line":8,"column":22}},{"start":{"line":8,"column":26},"end":{"line":8,"column":27}}]},"2":{"line":11,"type":"binary-expr","locations":[{"start":{"line":11,"column":20},"end":{"line":11,"column":28}},{"start":{"line":11,"column":32},"end":{"line":11,"column":33}}]},"3":{"line":14,"type":"binary-expr","locations":[{"start":{"line":14,"column":29},"end":{"line":14,"column":46}},{"start":{"line":14,"column":50},"end":{"line":14,"column":51}}]},"4":{"line":17,"type":"binary-expr","locations":[{"start":{"line":17,"column":29},"end":{"line":17,"column":46}},{"start":{"line":17,"column":50},"end":{"line":17,"column":51}}]}}},"/home/yangmingkun/Projects/calculationTaxes/src/tax/salesTax.js":{"path":"/home/yangmingkun/Projects/calculationTaxes/src/tax/salesTax.js","s":{"1":1,"2":1,"3":3,"4":3,"5":1,"6":1,"7":1,"8":4,"9":4,"10":12,"11":3,"12":4,"13":1},"b":{"1":[3,9],"2":[1,3]},"f":{"1":3,"2":4},"fnMap":{"1":{"name":"SalesTax","line":3,"loc":{"start":{"line":3,"column":0},"end":{"line":3,"column":32}}},"2":{"name":"(anonymous_2)","line":14,"loc":{"start":{"line":14,"column":28},"end":{"line":14,"column":49}}}},"statementMap":{"1":{"start":{"line":1,"column":0},"end":{"line":1,"column":27}},"2":{"start":{"line":3,"column":0},"end":{"line":8,"column":1}},"3":{"start":{"line":4,"column":4},"end":{"line":4,"column":25}},"4":{"start":{"line":7,"column":4},"end":{"line":7,"column":27}},"5":{"start":{"line":10,"column":0},"end":{"line":10,"column":50}},"6":{"start":{"line":11,"column":0},"end":{"line":11,"column":37}},"7":{"start":{"line":14,"column":0},"end":{"line":23,"column":2}},"8":{"start":{"line":15,"column":4},"end":{"line":15,"column":25}},"9":{"start":{"line":16,"column":4},"end":{"line":20,"column":5}},"10":{"start":{"line":17,"column":8},"end":{"line":19,"column":9}},"11":{"start":{"line":18,"column":12},"end":{"line":18,"column":30}},"12":{"start":{"line":22,"column":4},"end":{"line":22,"column":63}},"13":{"start":{"line":25,"column":0},"end":{"line":25,"column":26}}},"branchMap":{"1":{"line":17,"type":"if","locations":[{"start":{"line":17,"column":8},"end":{"line":17,"column":8}},{"start":{"line":17,"column":8},"end":{"line":17,"column":8}}]},"2":{"line":22,"type":"cond-expr","locations":[{"start":{"line":22,"column":23},"end":{"line":22,"column":58}},{"start":{"line":22,"column":61},"end":{"line":22,"column":62}}]}}},"/home/yangmingkun/Projects/calculationTaxes/src/tax/tax.js":{"path":"/home/yangmingkun/Projects/calculationTaxes/src/tax/tax.js","s":{"1":1,"2":7,"3":1,"4":2,"5":1},"b":{},"f":{"1":7,"2":2},"fnMap":{"1":{"name":"Tax","line":1,"loc":{"start":{"line":1,"column":0},"end":{"line":1,"column":19}}},"2":{"name":"(anonymous_2)","line":6,"loc":{"start":{"line":6,"column":23},"end":{"line":6,"column":39}}}},"statementMap":{"1":{"start":{"line":1,"column":0},"end":{"line":4,"column":1}},"2":{"start":{"line":3,"column":4},"end":{"line":3,"column":21}},"3":{"start":{"line":6,"column":0},"end":{"line":8,"column":2}},"4":{"start":{"line":7,"column":4},"end":{"line":7,"column":47}},"5":{"start":{"line":10,"column":0},"end":{"line":10,"column":21}}},"branchMap":{}},"/home/yangmingkun/Projects/calculationTaxes/src/tax/importedTax.js":{"path":"/home/yangmingkun/Projects/calculationTaxes/src/tax/importedTax.js","s":{"1":1,"2":1,"3":3,"4":1,"5":1,"6":1,"7":4,"8":1},"b":{"1":[3,1]},"f":{"1":3,"2":4},"fnMap":{"1":{"name":"ImportedTax","line":3,"loc":{"start":{"line":3,"column":0},"end":{"line":3,"column":27}}},"2":{"name":"(anonymous_2)","line":11,"loc":{"start":{"line":11,"column":31},"end":{"line":11,"column":60}}}},"statementMap":{"1":{"start":{"line":1,"column":0},"end":{"line":1,"column":27}},"2":{"start":{"line":3,"column":0},"end":{"line":5,"column":1}},"3":{"start":{"line":4,"column":4},"end":{"line":4,"column":25}},"4":{"start":{"line":7,"column":0},"end":{"line":7,"column":53}},"5":{"start":{"line":8,"column":0},"end":{"line":8,"column":40}},"6":{"start":{"line":11,"column":0},"end":{"line":13,"column":2}},"7":{"start":{"line":12,"column":4},"end":{"line":12,"column":66}},"8":{"start":{"line":15,"column":0},"end":{"line":15,"column":29}}},"branchMap":{"1":{"line":12,"type":"cond-expr","locations":[{"start":{"line":12,"column":26},"end":{"line":12,"column":61}},{"start":{"line":12,"column":64},"end":{"line":12,"column":65}}]}}}}