TN:
SF:/home/yangmingkun/Projects/calculationTaxes/src/tax/salesTax.js
FN:3,SalesTax
FN:14,(anonymous_2)
FNF:2
FNH:2
FNDA:1,SalesTax
FNDA:2,(anonymous_2)
DA:1,1
DA:3,1
DA:4,1
DA:7,1
DA:10,1
DA:11,1
DA:14,1
DA:15,2
DA:16,2
DA:17,6
DA:18,1
DA:22,2
DA:25,1
LF:13
LH:13
BRDA:17,1,0,1
BRDA:17,1,1,5
BRDA:22,2,0,1
BRDA:22,2,1,1
BRF:4
BRH:4
end_of_record
TN:
SF:/home/yangmingkun/Projects/calculationTaxes/src/tax/tax.js
FN:1,Tax
FNF:1
FNH:1
FNDA:1,Tax
DA:1,1
DA:3,1
DA:6,1
LF:3
LH:3
BRF:0
BRH:0
end_of_record
