TN:
SF:/home/yangmingkun/Projects/calculationTaxes/src/cart.js
FN:6,Cart
FN:26,(anonymous_2)
FN:30,(anonymous_3)
FN:44,(anonymous_4)
FN:63,(anonymous_5)
FN:77,(anonymous_6)
FN:86,(anonymous_7)
FNF:7
FNH:7
FNDA:1,Cart
FNDA:3,(anonymous_2)
FNDA:1,(anonymous_3)
FNDA:2,(anonymous_4)
FNDA:2,(anonymous_5)
FNDA:1,(anonymous_6)
FNDA:1,(anonymous_7)
DA:1,1
DA:2,1
DA:3,1
DA:4,1
DA:6,1
DA:8,1
DA:11,1
DA:14,1
DA:17,1
DA:20,1
DA:23,1
DA:26,1
DA:27,3
DA:30,1
DA:31,1
DA:32,1
DA:33,1
DA:34,1
DA:35,1
DA:36,1
DA:38,0
DA:41,1
DA:44,1
DA:45,2
DA:48,2
DA:50,2
DA:51,2
DA:52,2
DA:54,2
DA:55,1
DA:57,1
DA:59,2
DA:63,1
DA:65,2
DA:66,2
DA:69,2
DA:72,2
DA:74,2
DA:77,1
DA:78,1
DA:79,1
DA:80,1
DA:83,1
DA:86,1
DA:87,1
DA:88,1
DA:89,1
DA:90,1
DA:93,1
DA:96,1
LF:50
LH:49
BRDA:32,1,0,1
BRDA:32,1,1,0
BRDA:54,2,0,1
BRDA:54,2,1,1
BRF:4
BRH:3
end_of_record
TN:
SF:/home/yangmingkun/Projects/calculationTaxes/src/goods.js
FN:1,Goods
FN:18,(anonymous_2)
FNF:2
FNH:1
FNDA:1,Goods
FNDA:0,(anonymous_2)
DA:1,1
DA:3,1
DA:6,1
DA:9,1
DA:12,1
DA:15,1
DA:18,1
DA:19,0
DA:32,1
LF:9
LH:8
BRDA:9,1,0,1
BRDA:9,1,1,0
BRF:2
BRH:1
end_of_record
TN:
SF:/home/yangmingkun/Projects/calculationTaxes/src/cart-goods.js
FN:4,CartGoods
FNF:1
FNH:1
FNDA:1,CartGoods
DA:1,1
DA:2,1
DA:4,1
DA:5,1
DA:8,1
DA:11,1
DA:14,1
DA:17,1
DA:20,1
LF:9
LH:9
BRDA:8,1,0,1
BRDA:8,1,1,0
BRDA:11,2,0,1
BRDA:11,2,1,0
BRDA:14,3,0,1
BRDA:14,3,1,0
BRDA:17,4,0,1
BRDA:17,4,1,0
BRF:8
BRH:4
end_of_record
TN:
SF:/home/yangmingkun/Projects/calculationTaxes/src/tax/salesTax.js
FN:3,SalesTax
FN:14,(anonymous_2)
FNF:2
FNH:2
FNDA:3,SalesTax
FNDA:4,(anonymous_2)
DA:1,1
DA:3,1
DA:4,3
DA:7,3
DA:10,1
DA:11,1
DA:14,1
DA:15,4
DA:16,4
DA:17,12
DA:18,3
DA:22,4
DA:25,1
LF:13
LH:13
BRDA:17,1,0,3
BRDA:17,1,1,9
BRDA:22,2,0,1
BRDA:22,2,1,3
BRF:4
BRH:4
end_of_record
TN:
SF:/home/yangmingkun/Projects/calculationTaxes/src/tax/tax.js
FN:1,Tax
FN:6,(anonymous_2)
FNF:2
FNH:2
FNDA:7,Tax
FNDA:2,(anonymous_2)
DA:1,1
DA:3,7
DA:6,1
DA:7,2
DA:10,1
LF:5
LH:5
BRF:0
BRH:0
end_of_record
TN:
SF:/home/yangmingkun/Projects/calculationTaxes/src/tax/importedTax.js
FN:3,ImportedTax
FN:11,(anonymous_2)
FNF:2
FNH:2
FNDA:3,ImportedTax
FNDA:4,(anonymous_2)
DA:1,1
DA:3,1
DA:4,3
DA:7,1
DA:8,1
DA:11,1
DA:12,4
DA:15,1
LF:8
LH:8
BRDA:12,1,0,3
BRDA:12,1,1,1
BRF:2
BRH:2
end_of_record
